Vivado Simulator 2019.2
Time resolution is 1 ps
                   0Q = xxxx

                  20Q = 0000

                  40Q = 0001

                  60Q = 0010

                  80Q = 0011

                 100Q = 0100

                 120Q = 0101

                 140Q = 0110

                 160Q = 0111

                 180Q = 1000

                 200Q = 1001

                 220Q = 1010

                 240Q = 0000

                 260Q = 0001

                 280Q = 0010

                 300Q = 0011

                 320Q = 0100

                 340Q = 0101

                 360Q = 0110

                 380Q = 0111

                 400Q = 1000

                 420Q = 1001

                 440Q = 1010

                 460Q = 0000

                 480Q = 0001

                 500Q = 0010

                 520Q = 0011

                 540Q = 0100

                 560Q = 0101

                 580Q = 0110

                 600Q = 0111

                 620Q = 1000

                 640Q = 1001

                 660Q = 1010

                 680Q = 0000

                 700Q = 0001

                 720Q = 0010

                 740Q = 0011

                 760Q = 0100

                 780Q = 0101

                 800Q = 0110

                 820Q = 0111

                 840Q = 1000

                 860Q = 1001

                 880Q = 1010

                 900Q = 0000

                 920Q = 0001

                 940Q = 0010

                 960Q = 0011

                 980Q = 0100

                1000Q = 0101

